Traceback (most recent call last):
  File "/.venv/lib/python3.13/site-packages/jupyter_core/utils/__init__.py", line 154, in wrapped
    asyncio.get_running_loop()
    ~~~~~~~~~~~~~~~~~~~~~~~~^^
RuntimeError: no running event loop

During handling of the above exception, another exception occurred:

Traceback (most recent call last):
  File "/.venv/lib/python3.13/site-packages/jupyter_cache/executors/utils.py", line 58, in single_nb_execution
    executenb(
    ~~~~~~~~~^
        nb,
        ^^^
    ...<4 lines>...
        **kwargs,
        ^^^^^^^^^
    )
    ^
  File "/.venv/lib/python3.13/site-packages/nbclient/client.py", line 1319, in execute
    return NotebookClient(nb=nb, resources=resources, km=km, **kwargs).execute()
           ~~~~~~~~~~~~~~~~~~~~~~~~~~~~~~~~~~~~~~~~~~~~~~~~~~~~~~~~~~~~~~~~~~~^^
  File "/.venv/lib/python3.13/site-packages/jupyter_core/utils/__init__.py", line 158, in wrapped
    return loop.run_until_complete(inner)
           ~~~~~~~~~~~~~~~~~~~~~~~^^^^^^^
  File "/root/.local/share/uv/python/cpython-3.13.5-linux-x86_64-gnu/lib/python3.13/asyncio/base_events.py", line 725, in run_until_complete
    return future.result()
           ~~~~~~~~~~~~~^^
  File "/.venv/lib/python3.13/site-packages/nbclient/client.py", line 709, in async_execute
    await self.async_execute_cell(
        cell, index, execution_count=self.code_cells_executed + 1
    )
  File "/.venv/lib/python3.13/site-packages/nbclient/client.py", line 1062, in async_execute_cell
    await self._check_raise_for_error(cell, cell_index, exec_reply)
  File "/.venv/lib/python3.13/site-packages/nbclient/client.py", line 918, in _check_raise_for_error
    raise CellExecutionError.from_cell_and_msg(cell, exec_reply_content)
nbclient.exceptions.CellExecutionError: An error occurred while executing the following cell:
------------------
multi_exps1 = experiment_hadamard.multiOutput(
    config_list,
    summoner_name="qurrent.hadamard_test",  # you can name it whatever you want
    multiprocess_build=True,
    # Using multiprocessing to build the experiments,
    # it will be faster but take all the CPU
    skip_build_write=True,
    # Skip the writing of the experiment as files during the build,
    save_location=".",
    # Save the experiment as files in the current directory
    multiprocess_write=True,
    # Writing the experiment as files using multiprocessing,
)
multi_exps1
------------------


[31m---------------------------------------------------------------------------[39m
[31mTypeError[39m                                 Traceback (most recent call last)
[36mCell[39m[36m [39m[32mIn[5][39m[32m, line 1[39m
[32m----> [39m[32m1[39m multi_exps1 = [43mexperiment_hadamard[49m[43m.[49m[43mmultiOutput[49m[43m([49m
[32m      2[39m [43m    [49m[43mconfig_list[49m[43m,[49m
[32m      3[39m [43m    [49m[43msummoner_name[49m[43m=[49m[33;43m"[39;49m[33;43mqurrent.hadamard_test[39;49m[33;43m"[39;49m[43m,[49m[43m  [49m[38;5;66;43;03m# you can name it whatever you want[39;49;00m
[32m      4[39m [43m    [49m[43mmultiprocess_build[49m[43m=[49m[38;5;28;43;01mTrue[39;49;00m[43m,[49m
[32m      5[39m [43m    [49m[38;5;66;43;03m# Using multiprocessing to build the experiments,[39;49;00m
[32m      6[39m [43m    [49m[38;5;66;43;03m# it will be faster but take all the CPU[39;49;00m
[32m      7[39m [43m    [49m[43mskip_build_write[49m[43m=[49m[38;5;28;43;01mTrue[39;49;00m[43m,[49m
[32m      8[39m [43m    [49m[38;5;66;43;03m# Skip the writing of the experiment as files during the build,[39;49;00m
[32m      9[39m [43m    [49m[43msave_location[49m[43m=[49m[33;43m"[39;49m[33;43m.[39;49m[33;43m"[39;49m[43m,[49m
[32m     10[39m [43m    [49m[38;5;66;43;03m# Save the experiment as files in the current directory[39;49;00m
[32m     11[39m [43m    [49m[43mmultiprocess_write[49m[43m=[49m[38;5;28;43;01mTrue[39;49;00m[43m,[49m
[32m     12[39m [43m    [49m[38;5;66;43;03m# Writing the experiment as files using multiprocessing,[39;49;00m
[32m     13[39m [43m)[49m
[32m     14[39m multi_exps1

[31mTypeError[39m: EntropyMeasureHadamard.multiOutput() got an unexpected keyword argument 'multiprocess_build'

